<?xml version="1.0" encoding="UTF-8"?>
<testsuite xmlns:xsi="http://www.w3.org/2001/XMLSchema-instance" xsi:noNamespaceSchemaLocation="https://maven.apache.org/surefire/maven-surefire-plugin/xsd/surefire-test-report-3.0.xsd" version="3.0" name="ar.qubi.snmp.SnmpIntegrationTest" time="10.219" tests="8" errors="0" skipped="0" failures="0">
  <properties>
    <property name="java.specification.version" value="17"/>
    <property name="sun.jnu.encoding" value="UTF-8"/>
    <property name="java.class.path" value="/home/fmalaspina/project/qubi-snmp/qubi-snmp-core/target/test-classes:/home/fmalaspina/project/qubi-snmp/qubi-snmp-core/target/classes:/home/fmalaspina/.m2/repository/org/snmp4j/snmp4j/3.7.7/snmp4j-3.7.7.jar:/home/fmalaspina/.m2/repository/io/micrometer/micrometer-core/1.12.8/micrometer-core-1.12.8.jar:/home/fmalaspina/.m2/repository/io/micrometer/micrometer-commons/1.12.8/micrometer-commons-1.12.8.jar:/home/fmalaspina/.m2/repository/io/micrometer/micrometer-observation/1.12.8/micrometer-observation-1.12.8.jar:/home/fmalaspina/.m2/repository/org/hdrhistogram/HdrHistogram/2.1.12/HdrHistogram-2.1.12.jar:/home/fmalaspina/.m2/repository/org/latencyutils/LatencyUtils/2.0.3/LatencyUtils-2.0.3.jar:/home/fmalaspina/.m2/repository/org/jetbrains/annotations/24.1.0/annotations-24.1.0.jar:/home/fmalaspina/.m2/repository/org/junit/jupiter/junit-jupiter/5.10.3/junit-jupiter-5.10.3.jar:/home/fmalaspina/.m2/repository/org/junit/jupiter/junit-jupiter-api/5.10.3/junit-jupiter-api-5.10.3.jar:/home/fmalaspina/.m2/repository/org/opentest4j/opentest4j/1.3.0/opentest4j-1.3.0.jar:/home/fmalaspina/.m2/repository/org/junit/platform/junit-platform-commons/1.10.3/junit-platform-commons-1.10.3.jar:/home/fmalaspina/.m2/repository/org/apiguardian/apiguardian-api/1.1.2/apiguardian-api-1.1.2.jar:/home/fmalaspina/.m2/repository/org/junit/jupiter/junit-jupiter-params/5.10.3/junit-jupiter-params-5.10.3.jar:/home/fmalaspina/.m2/repository/org/junit/jupiter/junit-jupiter-engine/5.10.3/junit-jupiter-engine-5.10.3.jar:/home/fmalaspina/.m2/repository/org/junit/platform/junit-platform-engine/1.10.3/junit-platform-engine-1.10.3.jar:"/>
    <property name="java.vm.vendor" value="Amazon.com Inc."/>
    <property name="sun.arch.data.model" value="64"/>
    <property name="java.vendor.url" value="https://aws.amazon.com/corretto/"/>
    <property name="os.name" value="Linux"/>
    <property name="java.vm.specification.version" value="17"/>
    <property name="sun.java.launcher" value="SUN_STANDARD"/>
    <property name="user.country" value="US"/>
    <property name="sun.boot.library.path" value="/home/fmalaspina/.jdks/corretto-17.0.16/lib"/>
    <property name="sun.java.command" value="/home/fmalaspina/project/qubi-snmp/qubi-snmp-core/target/surefire/surefirebooter-20250818160208703_3.jar /home/fmalaspina/project/qubi-snmp/qubi-snmp-core/target/surefire 2025-08-18T16-02-08_635-jvmRun1 surefire-20250818160208703_1tmp surefire_0-20250818160208703_2tmp"/>
    <property name="jdk.debug" value="release"/>
    <property name="surefire.test.class.path" value="/home/fmalaspina/project/qubi-snmp/qubi-snmp-core/target/test-classes:/home/fmalaspina/project/qubi-snmp/qubi-snmp-core/target/classes:/home/fmalaspina/.m2/repository/org/snmp4j/snmp4j/3.7.7/snmp4j-3.7.7.jar:/home/fmalaspina/.m2/repository/io/micrometer/micrometer-core/1.12.8/micrometer-core-1.12.8.jar:/home/fmalaspina/.m2/repository/io/micrometer/micrometer-commons/1.12.8/micrometer-commons-1.12.8.jar:/home/fmalaspina/.m2/repository/io/micrometer/micrometer-observation/1.12.8/micrometer-observation-1.12.8.jar:/home/fmalaspina/.m2/repository/org/hdrhistogram/HdrHistogram/2.1.12/HdrHistogram-2.1.12.jar:/home/fmalaspina/.m2/repository/org/latencyutils/LatencyUtils/2.0.3/LatencyUtils-2.0.3.jar:/home/fmalaspina/.m2/repository/org/jetbrains/annotations/24.1.0/annotations-24.1.0.jar:/home/fmalaspina/.m2/repository/org/junit/jupiter/junit-jupiter/5.10.3/junit-jupiter-5.10.3.jar:/home/fmalaspina/.m2/repository/org/junit/jupiter/junit-jupiter-api/5.10.3/junit-jupiter-api-5.10.3.jar:/home/fmalaspina/.m2/repository/org/opentest4j/opentest4j/1.3.0/opentest4j-1.3.0.jar:/home/fmalaspina/.m2/repository/org/junit/platform/junit-platform-commons/1.10.3/junit-platform-commons-1.10.3.jar:/home/fmalaspina/.m2/repository/org/apiguardian/apiguardian-api/1.1.2/apiguardian-api-1.1.2.jar:/home/fmalaspina/.m2/repository/org/junit/jupiter/junit-jupiter-params/5.10.3/junit-jupiter-params-5.10.3.jar:/home/fmalaspina/.m2/repository/org/junit/jupiter/junit-jupiter-engine/5.10.3/junit-jupiter-engine-5.10.3.jar:/home/fmalaspina/.m2/repository/org/junit/platform/junit-platform-engine/1.10.3/junit-platform-engine-1.10.3.jar:"/>
    <property name="sun.cpu.endian" value="little"/>
    <property name="user.home" value="/home/fmalaspina"/>
    <property name="user.language" value="en"/>
    <property name="java.specification.vendor" value="Oracle Corporation"/>
    <property name="java.version.date" value="2025-07-15"/>
    <property name="java.home" value="/home/fmalaspina/.jdks/corretto-17.0.16"/>
    <property name="file.separator" value="/"/>
    <property name="basedir" value="/home/fmalaspina/project/qubi-snmp/qubi-snmp-core"/>
    <property name="java.vm.compressedOopsMode" value="Zero based"/>
    <property name="line.separator" value="&#10;"/>
    <property name="java.specification.name" value="Java Platform API Specification"/>
    <property name="java.vm.specification.vendor" value="Oracle Corporation"/>
    <property name="surefire.real.class.path" value="/home/fmalaspina/project/qubi-snmp/qubi-snmp-core/target/surefire/surefirebooter-20250818160208703_3.jar"/>
    <property name="sun.management.compiler" value="HotSpot 64-Bit Tiered Compilers"/>
    <property name="java.runtime.version" value="17.0.16+8-LTS"/>
    <property name="user.name" value="fmalaspina"/>
    <property name="path.separator" value=":"/>
    <property name="os.version" value="6.8.0-47-generic"/>
    <property name="java.runtime.name" value="OpenJDK Runtime Environment"/>
    <property name="file.encoding" value="UTF-8"/>
    <property name="java.vm.name" value="OpenJDK 64-Bit Server VM"/>
    <property name="java.vendor.version" value="Corretto-17.0.16.8.1"/>
    <property name="localRepository" value="/home/fmalaspina/.m2/repository"/>
    <property name="java.vendor.url.bug" value="https://github.com/corretto/corretto-17/issues/"/>
    <property name="java.io.tmpdir" value="/tmp"/>
    <property name="idea.version" value="2025.1.3"/>
    <property name="java.version" value="17.0.16"/>
    <property name="user.dir" value="/home/fmalaspina/project/qubi-snmp/qubi-snmp-core"/>
    <property name="os.arch" value="amd64"/>
    <property name="java.vm.specification.name" value="Java Virtual Machine Specification"/>
    <property name="native.encoding" value="UTF-8"/>
    <property name="java.library.path" value="/usr/java/packages/lib:/usr/lib64:/lib64:/lib:/usr/lib"/>
    <property name="java.vm.info" value="mixed mode, sharing"/>
    <property name="java.vendor" value="Amazon.com Inc."/>
    <property name="java.vm.version" value="17.0.16+8-LTS"/>
    <property name="java.specification.maintenance.version" value="1"/>
    <property name="sun.io.unicode.encoding" value="UnicodeLittle"/>
    <property name="java.class.version" value="61.0"/>
  </properties>
  <testcase name="testTrapDispatcher" classname="ar.qubi.snmp.SnmpIntegrationTest" time="0.076"/>
  <testcase name="testSnmpResultProcessing" classname="ar.qubi.snmp.SnmpIntegrationTest" time="0.004"/>
  <testcase name="testSnmpGetWithInvalidTarget" classname="ar.qubi.snmp.SnmpIntegrationTest" time="10.099"/>
  <testcase name="testMibLookup" classname="ar.qubi.snmp.SnmpIntegrationTest" time="0.005"/>
  <testcase name="testTargetSpecCreation" classname="ar.qubi.snmp.SnmpIntegrationTest" time="0.002"/>
  <testcase name="testTrapServerStartStop" classname="ar.qubi.snmp.SnmpIntegrationTest" time="0.002"/>
  <testcase name="testClientCreation" classname="ar.qubi.snmp.SnmpIntegrationTest" time="0.001"/>
  <testcase name="testSnmpWalkWithInvalidTarget" classname="ar.qubi.snmp.SnmpIntegrationTest" time="0.001"/>
</testsuite>